0 info it worked if it ends with ok
1 verbose cli [ '/Users/arnauddrizard/.nvm/v0.10.40/bin/node',
1 verbose cli   '/Users/arnauddrizard/.nvm/v0.10.40/bin/npm',
1 verbose cli   'run',
1 verbose cli   'watch' ]
2 info using npm@1.4.28
3 info using node@v0.10.40
4 verbose run-script [ 'prewatch', 'watch', 'postwatch' ]
5 info prewatch web@0.0.0
6 info watch web@0.0.0
7 verbose unsafe-perm in lifecycle true
8 info web@0.0.0 Failed to exec watch script
9 error web@0.0.0 watch: `npm run jade & npm run stylus & npm run js`
9 error Exit status 1
10 error Failed at the web@0.0.0 watch script.
10 error This is most likely a problem with the web package,
10 error not with npm itself.
10 error Tell the author that this fails on your system:
10 error     npm run jade & npm run stylus & npm run js
10 error You can get their info via:
10 error     npm owner ls web
10 error There is likely additional logging output above.
11 error System Darwin 14.3.0
12 error command "/Users/arnauddrizard/.nvm/v0.10.40/bin/node" "/Users/arnauddrizard/.nvm/v0.10.40/bin/npm" "run" "watch"
13 error cwd /Users/arnauddrizard/Dev/sandbox/trash/bootstrap-seed
14 error node -v v0.10.40
15 error npm -v 1.4.28
16 error code ELIFECYCLE
17 verbose exit [ 1, true ]
